<?xml version="1.0" encoding="UTF-8"?>
<testng-results ignored="0" total="1" passed="1" failed="0" skipped="0">
  <reporter-output>
  </reporter-output>
  <suite started-at="2025-06-05T23:15:27 IST" name="Default suite" finished-at="2025-06-05T23:15:55 IST" duration-ms="27918">
    <groups>
    </groups>
    <test started-at="2025-06-05T23:15:27 IST" name="Default test" finished-at="2025-06-05T23:15:55 IST" duration-ms="27918">
      <class name="tests.PlaceOrderTest">
        <test-method is-config="true" signature="setUpReports()[pri:0, instance:tests.PlaceOrderTest@1fa121e2]" started-at="2025-06-05T23:15:27 IST" name="setUpReports" finished-at="2025-06-05T23:15:27 IST" duration-ms="177" status="PASS">
          <reporter-output>
          </reporter-output>
        </test-method> <!-- setUpReports -->
        <test-method is-config="true" signature="beforeMethod()[pri:0, instance:tests.PlaceOrderTest@1fa121e2]" started-at="2025-06-05T23:15:27 IST" name="beforeMethod" finished-at="2025-06-05T23:15:31 IST" duration-ms="3917" status="PASS">
          <reporter-output>
          </reporter-output>
        </test-method> <!-- beforeMethod -->
        <test-method signature="testPlaceOrder()[pri:0, instance:tests.PlaceOrderTest@1fa121e2]" started-at="2025-06-05T23:15:31 IST" name="testPlaceOrder" finished-at="2025-06-05T23:15:52 IST" duration-ms="20690" status="PASS">
          <reporter-output>
          </reporter-output>
        </test-method> <!-- testPlaceOrder -->
        <test-method is-config="true" signature="afterMethod()[pri:0, instance:tests.PlaceOrderTest@1fa121e2]" started-at="2025-06-05T23:15:52 IST" name="afterMethod" finished-at="2025-06-05T23:15:55 IST" duration-ms="2804" status="PASS">
          <reporter-output>
          </reporter-output>
        </test-method> <!-- afterMethod -->
        <test-method is-config="true" signature="writeReports()[pri:0, instance:tests.PlaceOrderTest@1fa121e2]" started-at="2025-06-05T23:15:55 IST" name="writeReports" finished-at="2025-06-05T23:15:55 IST" duration-ms="287" status="PASS">
          <reporter-output>
          </reporter-output>
        </test-method> <!-- writeReports -->
      </class> <!-- tests.PlaceOrderTest -->
    </test> <!-- Default test -->
  </suite> <!-- Default suite -->
</testng-results>
