<?xml version="1.0" encoding="UTF-8"?>
<testng-results ignored="0" total="1" passed="1" failed="0" skipped="0">
  <reporter-output>
  </reporter-output>
  <suite started-at="2025-06-05T16:46:23 IST" name="Surefire suite" finished-at="2025-06-05T16:46:39 IST" duration-ms="16615">
    <groups>
    </groups>
    <test started-at="2025-06-05T16:46:23 IST" name="Surefire test" finished-at="2025-06-05T16:46:39 IST" duration-ms="16615">
      <class name="tests.PlaceOrderTest">
        <test-method is-config="true" signature="setUpReports()[pri:0, instance:tests.PlaceOrderTest@2e4b8173]" started-at="2025-06-05T16:46:23 IST" name="setUpReports" finished-at="2025-06-05T16:46:23 IST" duration-ms="200" status="PASS">
          <reporter-output>
          </reporter-output>
        </test-method> <!-- setUpReports -->
        <test-method is-config="true" signature="beforeMethod()[pri:0, instance:tests.PlaceOrderTest@2e4b8173]" started-at="2025-06-05T16:46:23 IST" name="beforeMethod" finished-at="2025-06-05T16:46:29 IST" duration-ms="6376" status="PASS">
          <reporter-output>
          </reporter-output>
        </test-method> <!-- beforeMethod -->
        <test-method signature="testPlaceOrder()[pri:0, instance:tests.PlaceOrderTest@2e4b8173]" started-at="2025-06-05T16:46:29 IST" name="testPlaceOrder" finished-at="2025-06-05T16:46:36 IST" duration-ms="6880" status="PASS">
          <reporter-output>
          </reporter-output>
        </test-method> <!-- testPlaceOrder -->
        <test-method is-config="true" signature="afterMethod()[pri:0, instance:tests.PlaceOrderTest@2e4b8173]" started-at="2025-06-05T16:46:36 IST" name="afterMethod" finished-at="2025-06-05T16:46:39 IST" duration-ms="2824" status="PASS">
          <reporter-output>
          </reporter-output>
        </test-method> <!-- afterMethod -->
        <test-method is-config="true" signature="writeReports()[pri:0, instance:tests.PlaceOrderTest@2e4b8173]" started-at="2025-06-05T16:46:39 IST" name="writeReports" finished-at="2025-06-05T16:46:39 IST" duration-ms="295" status="PASS">
          <reporter-output>
          </reporter-output>
        </test-method> <!-- writeReports -->
      </class> <!-- tests.PlaceOrderTest -->
    </test> <!-- Surefire test -->
  </suite> <!-- Surefire suite -->
</testng-results>
